<?xml version="1.0" encoding="UTF-8"?>
<testng-results ignored="0" total="3" passed="3" failed="0" skipped="0">
  <reporter-output>
  </reporter-output>
  <suite started-at="2023-05-01T16:44:05 IST" name="Default suite" finished-at="2023-05-01T16:44:05 IST" duration-ms="69">
    <groups>
    </groups>
    <test started-at="2023-05-01T16:44:05 IST" name="Default test" finished-at="2023-05-01T16:44:05 IST" duration-ms="69">
      <class name="com.sgtesting.Users.Users">
        <test-method is-config="true" signature="setup()[pri:0, instance:com.sgtesting.Users.Users@2bfc268b]" started-at="2023-05-01T16:44:05 IST" name="setup" finished-at="2023-05-01T16:44:05 IST" duration-ms="8" status="PASS">
          <reporter-output>
          </reporter-output>
        </test-method> <!-- setup -->
        <test-method signature="createUser()[pri:0, instance:com.sgtesting.Users.Users@2bfc268b]" started-at="2023-05-01T16:44:05 IST" name="createUser" finished-at="2023-05-01T16:44:05 IST" duration-ms="9" status="PASS">
          <reporter-output>
          </reporter-output>
        </test-method> <!-- createUser -->
        <test-method signature="deleteUser()[pri:0, instance:com.sgtesting.Users.Users@2bfc268b]" started-at="2023-05-01T16:44:05 IST" name="deleteUser" finished-at="2023-05-01T16:44:05 IST" duration-ms="2" status="PASS">
          <reporter-output>
          </reporter-output>
        </test-method> <!-- deleteUser -->
        <test-method signature="modifyUser()[pri:0, instance:com.sgtesting.Users.Users@2bfc268b]" started-at="2023-05-01T16:44:05 IST" name="modifyUser" finished-at="2023-05-01T16:44:05 IST" duration-ms="1" status="PASS">
          <reporter-output>
          </reporter-output>
        </test-method> <!-- modifyUser -->
        <test-method is-config="true" signature="tearDown()[pri:0, instance:com.sgtesting.Users.Users@2bfc268b]" started-at="2023-05-01T16:44:05 IST" name="tearDown" finished-at="2023-05-01T16:44:05 IST" duration-ms="1" status="PASS">
          <reporter-output>
          </reporter-output>
        </test-method> <!-- tearDown -->
      </class> <!-- com.sgtesting.Users.Users -->
    </test> <!-- Default test -->
  </suite> <!-- Default suite -->
</testng-results>
