<?xml version="1.0" encoding="UTF-8"?>
<!-- Generated by org.testng.reporters.JUnitXMLReporter -->
<testsuite ignored="0" hostname="DESKTOP-C2LG579" failures="0" tests="3" name="Default test" time="0.069" errors="0" timestamp="2023-05-01T16:44:05 IST">
  <testcase classname="com.sgtesting.Users.Users" name="createUser" time="0.009"/>
  <testcase classname="com.sgtesting.Users.Users" name="deleteUser" time="0.002"/>
  <testcase classname="com.sgtesting.Users.Users" name="modifyUser" time="0.001"/>
</testsuite> <!-- Default test -->
